# JRE version: OpenJDK Runtime Environment (11.0.11+9) (build 11.0.11+9-b60-7590822)
# Java VM: OpenJDK 64-Bit Server VM (11.0.11+9-b60-7590822, mixed mode, tiered, compressed oops, g1 gc, windows-amd64)
Heap:
 garbage-first heap   total 260096K, used 54323K [0x0000000080000000, 0x0000000100000000)
  region size 1024K, 39 young (39936K), 6 survivors (6144K)
 Metaspace       used 37582K, capacity 38449K, committed 38652K, reserved 1083392K
  class space    used 4848K, capacity 5191K, committed 5248K, reserved 1048576K
GC Heap History (8 events):
Event: 0.441 GC heap before
{Heap before GC invocations=0 (full 0):
 garbage-first heap   total 260096K, used 29696K [0x0000000080000000, 0x0000000100000000)
  region size 1024K, 24 young (24576K), 0 survivors (0K)
 Metaspace       used 9737K, capacity 9960K, committed 10112K, reserved 1058816K
  class space    used 1002K, capacity 1069K, committed 1152K, reserved 1048576K
}
Event: 0.443 GC heap after
{Heap after GC invocations=1 (full 0):
 garbage-first heap   total 260096K, used 9160K [0x0000000080000000, 0x0000000100000000)
  region size 1024K, 3 young (3072K), 3 survivors (3072K)
 Metaspace       used 9737K, capacity 9960K, committed 10112K, reserved 1058816K
  class space    used 1002K, capacity 1069K, committed 1152K, reserved 1048576K
}
Event: 1.800 GC heap before
{Heap before GC invocations=1 (full 0):
 garbage-first heap   total 260096K, used 113608K [0x0000000080000000, 0x0000000100000000)
  region size 1024K, 105 young (107520K), 3 survivors (3072K)
 Metaspace       used 20741K, capacity 21167K, committed 21296K, reserved 1069056K
  class space    used 2527K, capacity 2657K, committed 2688K, reserved 1048576K
}
Event: 1.806 GC heap after
{Heap after GC invocations=2 (full 0):
 garbage-first heap   total 260096K, used 16663K [0x0000000080000000, 0x0000000100000000)
  region size 1024K, 11 young (11264K), 11 survivors (11264K)
 Metaspace       used 20741K, capacity 21167K, committed 21296K, reserved 1069056K
  class space    used 2527K, capacity 2657K, committed 2688K, reserved 1048576K
}
Event: 2.290 GC heap before
{Heap before GC invocations=3 (full 0):
 garbage-first heap   total 260096K, used 68887K [0x0000000080000000, 0x0000000100000000)
  region size 1024K, 63 young (64512K), 11 survivors (11264K)
 Metaspace       used 26184K, capacity 26766K, committed 26928K, reserved 1073152K
  class space    used 3406K, capacity 3615K, committed 3712K, reserved 1048576K
}
Event: 2.295 GC heap after
{Heap after GC invocations=4 (full 0):
 garbage-first heap   total 260096K, used 19145K [0x0000000080000000, 0x0000000100000000)
  region size 1024K, 3 young (3072K), 3 survivors (3072K)
 Metaspace       used 26184K, capacity 26766K, committed 26928K, reserved 1073152K
  class space    used 3406K, capacity 3615K, committed 3712K, reserved 1048576K
}
Event: 2.873 GC heap before
{Heap before GC invocations=4 (full 0):
 garbage-first heap   total 260096K, used 79561K [0x0000000080000000, 0x0000000100000000)
  region size 1024K, 63 young (64512K), 3 survivors (3072K)
 Metaspace       used 34858K, capacity 35611K, committed 35708K, reserved 1081344K
  class space    used 4516K, capacity 4824K, committed 4864K, reserved 1048576K
}
Event: 2.879 GC heap after
{Heap after GC invocations=5 (full 0):
 garbage-first heap   total 260096K, used 22579K [0x0000000080000000, 0x0000000100000000)
  region size 1024K, 6 young (6144K), 6 survivors (6144K)
 Metaspace       used 34858K, capacity 35611K, committed 35708K, reserved 1081344K
  class space    used 4516K, capacity 4824K, committed 4864K, reserved 1048576K
}

